[14:33:03] [main/INFO] (FabricLoader/GameProvider) Loading Minecraft 1.19.2 with Fabric Loader 0.15.7
[14:33:03] [main/DEBUG] (FabricLoader/GamePatch) Found game constructor: net.minecraft.client.main.Main -> net.minecraft.client.Minecraft
[14:33:03] [main/DEBUG] (FabricLoader/GamePatch) Patching game constructor <init>(Lnet/minecraft/client/main/GameConfig;)V
[14:33:03] [main/DEBUG] (FabricLoader/GamePatch) Run directory field is thought to be net/minecraft/client/Minecraft/gameDirectory
[14:33:03] [main/DEBUG] (FabricLoader/GamePatch) Applying brand name hook to net/minecraft/client/ClientBrandRetriever::getClientModName
[14:33:03] [main/DEBUG] (FabricLoader/GamePatch) Applying brand name hook to net/minecraft/server/MinecraftServer::getServerModName
[14:33:03] [main/DEBUG] (FabricLoader/Mappings) Loading mappings took 76 ms
[14:33:03] [main/DEBUG] (FabricLoader/GamePatch) Patched 4 classs
[14:33:03] [main/DEBUG] (FabricLoader/Discovery) Mod discovery time: 18.9 ms
[14:33:03] [main/DEBUG] (FabricLoader/Resolution) Mod resolution time: 41.8 ms
[14:33:03] [main/INFO] (FabricLoader) Loading 4 mods:
	- fabricloader 0.15.7
	   \-- mixinextras 0.3.5
	- java 17
	- minecraft 1.19.2
[14:33:03] [main/DEBUG] (FabricLoader/Knot) Adding D:\Programming\Minecraft\.Mods\HexVR\common\run\.fabric\processedMods\mixinextras-0.3.5-63e25e1b0e82f847.jar to classpath.
[14:33:03] [main/INFO] (FabricLoader/Mixin) SpongePowered MIXIN Subsystem Version=0.8.5 Source=file:/C:/Users/Rasmu/.gradle/caches/modules-2/files-2.1/net.fabricmc/sponge-mixin/0.12.4+mixin.0.8.5/e13b4069fe3555969811d4474f78576c707bbe1c/sponge-mixin-0.12.4+mixin.0.8.5.jar Service=Knot/Fabric Env=CLIENT
[14:33:03] [main/DEBUG] (FabricLoader/Mixin) Error cleaning class output directory: .mixin.out
[14:33:03] [main/DEBUG] (FabricLoader/Mixin) Initialising Mixin Platform Manager
[14:33:03] [main/DEBUG] (FabricLoader/Mixin) Adding mixin platform agents for container ContainerHandleURI(file:///C:/Users/Rasmu/.gradle/caches/modules-2/files-2.1/net.fabricmc/fabric-loader/0.15.7/809a1a6b0f4bcca07e3dffc01f8a62265db3ff5d/fabric-loader-0.15.7.jar)
[14:33:03] [main/DEBUG] (FabricLoader/Mixin) Instancing new MixinPlatformAgentDefault for ContainerHandleURI(file:///C:/Users/Rasmu/.gradle/caches/modules-2/files-2.1/net.fabricmc/fabric-loader/0.15.7/809a1a6b0f4bcca07e3dffc01f8a62265db3ff5d/fabric-loader-0.15.7.jar)
[14:33:03] [main/DEBUG] (FabricLoader/Mixin) MixinPlatformAgentDefault accepted container ContainerHandleURI(file:///C:/Users/Rasmu/.gradle/caches/modules-2/files-2.1/net.fabricmc/fabric-loader/0.15.7/809a1a6b0f4bcca07e3dffc01f8a62265db3ff5d/fabric-loader-0.15.7.jar)
[14:33:03] [main/DEBUG] (FabricLoader/Mixin) Instancing new MixinPlatformAgentDefault for ContainerHandleURI(file:///C:/Users/Rasmu/.gradle/caches/modules-2/files-2.1/net.fabricmc/fabric-loader/0.15.7/809a1a6b0f4bcca07e3dffc01f8a62265db3ff5d/fabric-loader-0.15.7.jar)
[14:33:03] [main/DEBUG] (FabricLoader/Mixin) MixinPlatformAgentDefault accepted container ContainerHandleURI(file:///C:/Users/Rasmu/.gradle/caches/modules-2/files-2.1/net.fabricmc/fabric-loader/0.15.7/809a1a6b0f4bcca07e3dffc01f8a62265db3ff5d/fabric-loader-0.15.7.jar)
[14:33:03] [main/DEBUG] (FabricLoader/Mixin) Processing prepare() for PlatformAgent[MixinPlatformAgentDefault:ContainerHandleURI(file:///C:/Users/Rasmu/.gradle/caches/modules-2/files-2.1/net.fabricmc/fabric-loader/0.15.7/809a1a6b0f4bcca07e3dffc01f8a62265db3ff5d/fabric-loader-0.15.7.jar)]
[14:33:03] [main/DEBUG] (FabricLoader/Mixin) Processing prepare() for PlatformAgent[MixinPlatformAgentDefault:ContainerHandleURI(file:///C:/Users/Rasmu/.gradle/caches/modules-2/files-2.1/net.fabricmc/fabric-loader/0.15.7/809a1a6b0f4bcca07e3dffc01f8a62265db3ff5d/fabric-loader-0.15.7.jar)]
[14:33:03] [main/INFO] (FabricLoader/Mixin) Loaded Fabric development mappings for mixin remapper!
[14:33:03] [main/DEBUG] (FabricLoader/Knot) Adding D:\Programming\Minecraft\.Mods\HexVR\.gradle\loom-cache\minecraftMaven\net\minecraft\minecraft-merged-project-@common\1.19.2-loom.mappings.1_19_2.layered+hash.40359-v2\minecraft-merged-project-@common-1.19.2-loom.mappings.1_19_2.layered+hash.40359-v2.jar to classpath.
[14:33:03] [main/DEBUG] (FabricLoader/Knot) Adding D:\Programming\Minecraft\.Mods\HexVR\common\build\classes\java\main to classpath.
[14:33:03] [main/DEBUG] (FabricLoader/Knot) Adding D:\Programming\Minecraft\.Mods\HexVR\common\build\resources\main to classpath.
[14:33:03] [main/DEBUG] (FabricLoader/Knot) Adding C:\Users\Rasmu\.gradle\caches\fabric-loom\1.19.2\loom.mappings.1_19_2.layered+hash.40359-v2\mappings.jar to classpath.
[14:33:03] [main/DEBUG] (FabricLoader/Knot) Adding C:\Users\Rasmu\.gradle\caches\modules-2\files-2.1\net.fabricmc\tiny-mappings-parser\0.3.0+build.17\2f10540a290e382a7cd35c16ec3900046a4e252\tiny-mappings-parser-0.3.0+build.17.jar to classpath.
[14:33:03] [main/DEBUG] (FabricLoader/Knot) Adding C:\Users\Rasmu\.gradle\caches\modules-2\files-2.1\net.fabricmc\tiny-remapper\0.8.2\2cc6565989469ec38893bfb7802b31c0d0d11ea0\tiny-remapper-0.8.2.jar to classpath.
[14:33:03] [main/DEBUG] (FabricLoader/Knot) Adding C:\Users\Rasmu\.gradle\caches\modules-2\files-2.1\net.fabricmc\access-widener\2.1.0\f62a27adbfd8ab4d4fa5681793039f2c0b177155\access-widener-2.1.0.jar to classpath.
[14:33:03] [main/DEBUG] (FabricLoader/Knot) Adding C:\Users\Rasmu\.gradle\caches\modules-2\files-2.1\net.fabricmc\dev-launch-injector\0.2.1+build.8\da8bef7e6e2f952da707f282bdb46882a0fce5e3\dev-launch-injector-0.2.1+build.8.jar to classpath.
[14:33:03] [main/DEBUG] (FabricLoader/Knot) Adding C:\Users\Rasmu\.gradle\caches\modules-2\files-2.1\com.mojang\blocklist\1.0.10\5c685c5ffa94c4cd39496c7184c1d122e515ecef\blocklist-1.0.10.jar to classpath.
[14:33:03] [main/DEBUG] (FabricLoader/Knot) Adding C:\Users\Rasmu\.gradle\caches\modules-2\files-2.1\com.mojang\patchy\2.2.10\da05971b07cbb379d002cf7eaec6a2048211fefc\patchy-2.2.10.jar to classpath.
[14:33:03] [main/DEBUG] (FabricLoader/Knot) Adding C:\Users\Rasmu\.gradle\caches\modules-2\files-2.1\com.github.oshi\oshi-core\5.8.5\1d0ec654d820741327f5a9229d513732a4b7ce50\oshi-core-5.8.5.jar to classpath.
[14:33:03] [main/DEBUG] (FabricLoader/Knot) Adding C:\Users\Rasmu\.gradle\caches\modules-2\files-2.1\net.java.dev.jna\jna\5.10.0\7cf4c87dd802db50721db66947aa237d7ad09418\jna-5.10.0.jar to classpath.
[14:33:03] [main/DEBUG] (FabricLoader/Knot) Adding C:\Users\Rasmu\.gradle\caches\modules-2\files-2.1\net.java.dev.jna\jna-platform\5.10.0\fbed7d9669dba47714ad0d4f4454290a997aee69\jna-platform-5.10.0.jar to classpath.
[14:33:03] [main/DEBUG] (FabricLoader/Knot) Adding C:\Users\Rasmu\.gradle\caches\modules-2\files-2.1\com.ibm.icu\icu4j\70.1\dfa3a1fbc55bf5db8c6e79fc0935ac7ab1202950\icu4j-70.1.jar to classpath.
[14:33:03] [main/DEBUG] (FabricLoader/Knot) Adding C:\Users\Rasmu\.gradle\caches\modules-2\files-2.1\com.mojang\javabridge\1.2.24\c876796229b2ef5120f186eab5acc870699d3b9\javabridge-1.2.24.jar to classpath.
[14:33:03] [main/DEBUG] (FabricLoader/Knot) Adding C:\Users\Rasmu\.gradle\caches\modules-2\files-2.1\net.sf.jopt-simple\jopt-simple\5.0.4\4fdac2fbe92dfad86aa6e9301736f6b4342a3f5c\jopt-simple-5.0.4.jar to classpath.
[14:33:03] [main/DEBUG] (FabricLoader/Knot) Adding C:\Users\Rasmu\.gradle\caches\modules-2\files-2.1\io.netty\netty-common\4.1.77.Final\ea0fc20f4e6178966b9d62017b7fcb83dfe0e713\netty-common-4.1.77.Final.jar to classpath.
[14:33:03] [main/DEBUG] (FabricLoader/Knot) Adding C:\Users\Rasmu\.gradle\caches\modules-2\files-2.1\io.netty\netty-buffer\4.1.77.Final\d97571f99e5e739d86824d0df99f35d295276b5f\netty-buffer-4.1.77.Final.jar to classpath.
[14:33:03] [main/DEBUG] (FabricLoader/Knot) Adding C:\Users\Rasmu\.gradle\caches\modules-2\files-2.1\io.netty\netty-codec\4.1.77.Final\4efc5f59335301d6ba0d7cd31dd10651119b03c8\netty-codec-4.1.77.Final.jar to classpath.
[14:33:03] [main/DEBUG] (FabricLoader/Knot) Adding C:\Users\Rasmu\.gradle\caches\modules-2\files-2.1\io.netty\netty-handler\4.1.77.Final\47a81089de03635a27f509f3e4e13386ae1db275\netty-handler-4.1.77.Final.jar to classpath.
[14:33:03] [main/DEBUG] (FabricLoader/Knot) Adding C:\Users\Rasmu\.gradle\caches\modules-2\files-2.1\io.netty\netty-resolver\4.1.77.Final\4a239dbf8d8bb5f98aa51462c35011c0516395fd\netty-resolver-4.1.77.Final.jar to classpath.
[14:33:03] [main/DEBUG] (FabricLoader/Knot) Adding C:\Users\Rasmu\.gradle\caches\modules-2\files-2.1\io.netty\netty-transport\4.1.77.Final\2a3373bbd20d520c821f210bd5ee886788512043\netty-transport-4.1.77.Final.jar to classpath.
[14:33:03] [main/DEBUG] (FabricLoader/Knot) Adding C:\Users\Rasmu\.gradle\caches\modules-2\files-2.1\io.netty\netty-transport-native-unix-common\4.1.77.Final\c95d53486414b3270d08057957c5da8e0c37e4eb\netty-transport-native-unix-common-4.1.77.Final.jar to classpath.
[14:33:03] [main/DEBUG] (FabricLoader/Knot) Adding C:\Users\Rasmu\.gradle\caches\modules-2\files-2.1\io.netty\netty-transport-classes-epoll\4.1.77.Final\dd70dbccbcf98382223a59044f3c08d8e9920cad\netty-transport-classes-epoll-4.1.77.Final.jar to classpath.
[14:33:03] [main/DEBUG] (FabricLoader/Knot) Adding C:\Users\Rasmu\.gradle\caches\modules-2\files-2.1\com.google.guava\failureaccess\1.0.1\1dcf1de382a0bf95a3d8b0849546c88bac1292c9\failureaccess-1.0.1.jar to classpath.
[14:33:03] [main/DEBUG] (FabricLoader/Knot) Adding C:\Users\Rasmu\.gradle\caches\modules-2\files-2.1\com.google.guava\guava\31.0.1-jre\119ea2b2bc205b138974d351777b20f02b92704b\guava-31.0.1-jre.jar to classpath.
[14:33:03] [main/DEBUG] (FabricLoader/Knot) Adding C:\Users\Rasmu\.gradle\caches\modules-2\files-2.1\org.apache.commons\commons-lang3\3.12.0\c6842c86792ff03b9f1d1fe2aab8dc23aa6c6f0e\commons-lang3-3.12.0.jar to classpath.
[14:33:03] [main/DEBUG] (FabricLoader/Knot) Adding C:\Users\Rasmu\.gradle\caches\modules-2\files-2.1\commons-io\commons-io\2.11.0\a2503f302b11ebde7ebc3df41daebe0e4eea3689\commons-io-2.11.0.jar to classpath.
[14:33:03] [main/DEBUG] (FabricLoader/Knot) Adding C:\Users\Rasmu\.gradle\caches\modules-2\files-2.1\commons-codec\commons-codec\1.15\49d94806b6e3dc933dacbd8acb0fdbab8ebd1e5d\commons-codec-1.15.jar to classpath.
[14:33:03] [main/DEBUG] (FabricLoader/Knot) Adding C:\Users\Rasmu\.gradle\caches\modules-2\files-2.1\com.mojang\brigadier\1.0.18\c1ef1234282716483c92183f49bef47b1a89bfa9\brigadier-1.0.18.jar to classpath.
[14:33:03] [main/DEBUG] (FabricLoader/Knot) Adding C:\Users\Rasmu\.gradle\caches\modules-2\files-2.1\com.mojang\datafixerupper\5.0.28\e2157e236e529aff80a5fc3ccb506e56d46b130b\datafixerupper-5.0.28.jar to classpath.
[14:33:03] [main/DEBUG] (FabricLoader/Knot) Adding C:\Users\Rasmu\.gradle\caches\modules-2\files-2.1\org.apache.commons\commons-compress\1.21\4ec95b60d4e86b5c95a0e919cb172a0af98011ef\commons-compress-1.21.jar to classpath.
[14:33:03] [main/DEBUG] (FabricLoader/Knot) Adding C:\Users\Rasmu\.gradle\caches\modules-2\files-2.1\org.apache.httpcomponents\httpclient\4.5.13\e5f6cae5ca7ecaac1ec2827a9e2d65ae2869cada\httpclient-4.5.13.jar to classpath.
[14:33:03] [main/DEBUG] (FabricLoader/Knot) Adding C:\Users\Rasmu\.gradle\caches\modules-2\files-2.1\commons-logging\commons-logging\1.2\4bfc12adfe4842bf07b657f0369c4cb522955686\commons-logging-1.2.jar to classpath.
[14:33:03] [main/DEBUG] (FabricLoader/Knot) Adding C:\Users\Rasmu\.gradle\caches\modules-2\files-2.1\org.apache.httpcomponents\httpcore\4.4.14\9dd1a631c082d92ecd4bd8fd4cf55026c720a8c1\httpcore-4.4.14.jar to classpath.
[14:33:03] [main/DEBUG] (FabricLoader/Knot) Adding C:\Users\Rasmu\.gradle\caches\modules-2\files-2.1\it.unimi.dsi\fastutil\8.5.6\76f95700418a68fbc4ac050525261f05dc681ca1\fastutil-8.5.6.jar to classpath.
[14:33:03] [main/DEBUG] (FabricLoader/Knot) Adding C:\Users\Rasmu\.gradle\caches\modules-2\files-2.1\org.lwjgl\lwjgl\3.3.1\ae58664f88e18a9bb2c77b063833ca7aaec484cb\lwjgl-3.3.1.jar to classpath.
[14:33:03] [main/DEBUG] (FabricLoader/Knot) Adding C:\Users\Rasmu\.gradle\caches\modules-2\files-2.1\org.lwjgl\lwjgl\3.3.1\36c37f16ab611b3aa11f3bcf80b1d509b4ce6b\lwjgl-3.3.1-natives-windows.jar to classpath.
[14:33:03] [main/DEBUG] (FabricLoader/Knot) Adding C:\Users\Rasmu\.gradle\caches\modules-2\files-2.1\org.lwjgl\lwjgl\3.3.1\3b14f4beae9dd39791ec9e12190a9380cd8a3ce6\lwjgl-3.3.1-natives-windows-x86.jar to classpath.
[14:33:03] [main/DEBUG] (FabricLoader/Knot) Adding C:\Users\Rasmu\.gradle\caches\modules-2\files-2.1\org.lwjgl\lwjgl\3.3.1\f46cadcf95675908fd3a550d63d9d709cb68998\lwjgl-3.3.1-natives-windows-arm64.jar to classpath.
[14:33:03] [main/DEBUG] (FabricLoader/Knot) Adding C:\Users\Rasmu\.gradle\caches\modules-2\files-2.1\org.lwjgl\lwjgl-jemalloc\3.3.1\a817bcf213db49f710603677457567c37d53e103\lwjgl-jemalloc-3.3.1.jar to classpath.
[14:33:03] [main/DEBUG] (FabricLoader/Knot) Adding C:\Users\Rasmu\.gradle\caches\modules-2\files-2.1\org.lwjgl\lwjgl-jemalloc\3.3.1\948a89b76a16aa324b046ae9308891216ffce5f9\lwjgl-jemalloc-3.3.1-natives-windows.jar to classpath.
[14:33:03] [main/DEBUG] (FabricLoader/Knot) Adding C:\Users\Rasmu\.gradle\caches\modules-2\files-2.1\org.lwjgl\lwjgl-jemalloc\3.3.1\fb476c8ec110e1c137ad3ce8a7f7bfe6b11c6324\lwjgl-jemalloc-3.3.1-natives-windows-x86.jar to classpath.
[14:33:03] [main/DEBUG] (FabricLoader/Knot) Adding C:\Users\Rasmu\.gradle\caches\modules-2\files-2.1\org.lwjgl\lwjgl-jemalloc\3.3.1\cae85c4edb219c88b6a0c26a87955ad98dc9519d\lwjgl-jemalloc-3.3.1-natives-windows-arm64.jar to classpath.
[14:33:03] [main/DEBUG] (FabricLoader/Knot) Adding C:\Users\Rasmu\.gradle\caches\modules-2\files-2.1\org.lwjgl\lwjgl-openal\3.3.1\2623a6b8ae1dfcd880738656a9f0243d2e6840bd\lwjgl-openal-3.3.1.jar to classpath.
[14:33:03] [main/DEBUG] (FabricLoader/Knot) Adding C:\Users\Rasmu\.gradle\caches\modules-2\files-2.1\org.lwjgl\lwjgl-openal\3.3.1\30a474d0e57193d7bc128849a3ab66bc9316fdb1\lwjgl-openal-3.3.1-natives-windows.jar to classpath.
[14:33:03] [main/DEBUG] (FabricLoader/Knot) Adding C:\Users\Rasmu\.gradle\caches\modules-2\files-2.1\org.lwjgl\lwjgl-openal\3.3.1\888349f7b1be6fbae58bf8edfb9ef12def04c4e3\lwjgl-openal-3.3.1-natives-windows-x86.jar to classpath.
[14:33:03] [main/DEBUG] (FabricLoader/Knot) Adding C:\Users\Rasmu\.gradle\caches\modules-2\files-2.1\org.lwjgl\lwjgl-openal\3.3.1\40d65f1a7368a2aa47336f9cb69f5a190cf9975a\lwjgl-openal-3.3.1-natives-windows-arm64.jar to classpath.
[14:33:03] [main/DEBUG] (FabricLoader/Knot) Adding C:\Users\Rasmu\.gradle\caches\modules-2\files-2.1\org.lwjgl\lwjgl-opengl\3.3.1\831a5533a21a5f4f81bbc51bb13e9899319b5411\lwjgl-opengl-3.3.1.jar to classpath.
[14:33:03] [main/DEBUG] (FabricLoader/Knot) Adding C:\Users\Rasmu\.gradle\caches\modules-2\files-2.1\org.lwjgl\lwjgl-opengl\3.3.1\c1807e9bd571402787d7e37e3029776ae2513bb8\lwjgl-opengl-3.3.1-natives-windows.jar to classpath.
[14:33:03] [main/DEBUG] (FabricLoader/Knot) Adding C:\Users\Rasmu\.gradle\caches\modules-2\files-2.1\org.lwjgl\lwjgl-opengl\3.3.1\deef3eb9b178ff2ff3ce893cc72ae741c3a17974\lwjgl-opengl-3.3.1-natives-windows-x86.jar to classpath.
[14:33:03] [main/DEBUG] (FabricLoader/Knot) Adding C:\Users\Rasmu\.gradle\caches\modules-2\files-2.1\org.lwjgl\lwjgl-opengl\3.3.1\527d78f1e9056aff3ed02ce93019c73c5e8f1721\lwjgl-opengl-3.3.1-natives-windows-arm64.jar to classpath.
[14:33:03] [main/DEBUG] (FabricLoader/Knot) Adding C:\Users\Rasmu\.gradle\caches\modules-2\files-2.1\org.lwjgl\lwjgl-glfw\3.3.1\cbac1b8d30cb4795149c1ef540f912671a8616d0\lwjgl-glfw-3.3.1.jar to classpath.
[14:33:03] [main/DEBUG] (FabricLoader/Knot) Adding C:\Users\Rasmu\.gradle\caches\modules-2\files-2.1\org.lwjgl\lwjgl-glfw\3.3.1\ed892f945cf7e79c8756796f32d00fa4ceaf573b\lwjgl-glfw-3.3.1-natives-windows.jar to classpath.
[14:33:03] [main/DEBUG] (FabricLoader/Knot) Adding C:\Users\Rasmu\.gradle\caches\modules-2\files-2.1\org.lwjgl\lwjgl-glfw\3.3.1\b997e3391d6ce8f05487e7335d95c606043884a1\lwjgl-glfw-3.3.1-natives-windows-x86.jar to classpath.
[14:33:03] [main/DEBUG] (FabricLoader/Knot) Adding C:\Users\Rasmu\.gradle\caches\modules-2\files-2.1\org.lwjgl\lwjgl-glfw\3.3.1\beda65ee503443e60aa196d58ed31f8d001dc22a\lwjgl-glfw-3.3.1-natives-windows-arm64.jar to classpath.
[14:33:03] [main/DEBUG] (FabricLoader/Knot) Adding C:\Users\Rasmu\.gradle\caches\modules-2\files-2.1\org.lwjgl\lwjgl-stb\3.3.1\b119297cf8ed01f247abe8685857f8e7fcf5980f\lwjgl-stb-3.3.1.jar to classpath.
[14:33:03] [main/DEBUG] (FabricLoader/Knot) Adding C:\Users\Rasmu\.gradle\caches\modules-2\files-2.1\org.lwjgl\lwjgl-stb\3.3.1\86315914ac119efdb02dc9e8e978ade84f1702af\lwjgl-stb-3.3.1-natives-windows.jar to classpath.
[14:33:03] [main/DEBUG] (FabricLoader/Knot) Adding C:\Users\Rasmu\.gradle\caches\modules-2\files-2.1\org.lwjgl\lwjgl-stb\3.3.1\a8d41f419eecb430b7c91ea2ce2c5c451cae2091\lwjgl-stb-3.3.1-natives-windows-x86.jar to classpath.
[14:33:03] [main/DEBUG] (FabricLoader/Knot) Adding C:\Users\Rasmu\.gradle\caches\modules-2\files-2.1\org.lwjgl\lwjgl-stb\3.3.1\fde63cdd2605c00636721a6c8b961e41d1f6b247\lwjgl-stb-3.3.1-natives-windows-arm64.jar to classpath.
[14:33:03] [main/DEBUG] (FabricLoader/Knot) Adding C:\Users\Rasmu\.gradle\caches\modules-2\files-2.1\org.lwjgl\lwjgl-tinyfd\3.3.1\ff1914111ef2e3e0110ef2dabc8d8cdaad82347\lwjgl-tinyfd-3.3.1.jar to classpath.
[14:33:03] [main/DEBUG] (FabricLoader/Knot) Adding C:\Users\Rasmu\.gradle\caches\modules-2\files-2.1\org.lwjgl\lwjgl-tinyfd\3.3.1\a5d830475ec0958d9fdba1559efa99aef211e6ff\lwjgl-tinyfd-3.3.1-natives-windows.jar to classpath.
[14:33:03] [main/DEBUG] (FabricLoader/Knot) Adding C:\Users\Rasmu\.gradle\caches\modules-2\files-2.1\org.lwjgl\lwjgl-tinyfd\3.3.1\842eedd876fae354abc308c98a263f6bbc9e8a4d\lwjgl-tinyfd-3.3.1-natives-windows-x86.jar to classpath.
[14:33:03] [main/DEBUG] (FabricLoader/Knot) Adding C:\Users\Rasmu\.gradle\caches\modules-2\files-2.1\org.lwjgl\lwjgl-tinyfd\3.3.1\83a5e780df610829ff3a737822b4f931cffecd91\lwjgl-tinyfd-3.3.1-natives-windows-arm64.jar to classpath.
[14:33:03] [main/DEBUG] (FabricLoader/Knot) Adding C:\Users\Rasmu\.gradle\caches\modules-2\files-2.1\com.mojang\text2speech\1.16.7\ee4095669061d1fe4bce5fea23d69d1520bc2d58\text2speech-1.16.7.jar to classpath.
[14:33:03] [main/DEBUG] (FabricLoader/Knot) Adding C:\Users\Rasmu\.gradle\caches\modules-2\files-2.1\io.netty\netty-transport-native-epoll\4.1.77.Final\8d10e9e138dac52172dd83229bdc89197100c723\netty-transport-native-epoll-4.1.77.Final-linux-x86_64.jar to classpath.
[14:33:03] [main/DEBUG] (FabricLoader/Knot) Adding C:\Users\Rasmu\.gradle\caches\modules-2\files-2.1\io.netty\netty-transport-native-epoll\4.1.77.Final\5f051599ced83e119ddeda891f471c0613721e5c\netty-transport-native-epoll-4.1.77.Final-linux-aarch_64.jar to classpath.
[14:33:03] [main/DEBUG] (FabricLoader/Knot) Adding D:\Programming\Minecraft\.Mods\HexVR\.gradle\loom-cache\remapped_mods\loom_mappings_1_19_2_layered_hash_40359_v2\dev\architectury\architectury\6.5.90\architectury-6.5.90.jar to classpath.
[14:33:03] [main/DEBUG] (FabricLoader/Knot) Adding C:\Users\Rasmu\.gradle\caches\modules-2\files-2.1\org.jline\jline-reader\3.12.1\4382ab1382c7b6f379377ed5f665dc2f6e1218bc\jline-reader-3.12.1.jar to classpath.
[14:33:03] [main/DEBUG] (FabricLoader/Knot) Adding C:\Users\Rasmu\.gradle\caches\modules-2\files-2.1\org.jline\jline-terminal\3.12.1\c777448314e050d980a6b697c140f3bfe9eb7416\jline-terminal-3.12.1.jar to classpath.
[14:33:03] [main/DEBUG] (FabricLoader/Entrypoint) No subscribers for entrypoint 'preLaunch'
[14:33:03] [main/DEBUG] (FabricLoader/Mixin) Preparing mixins for MixinEnvironment[DEFAULT]
[14:33:03] [main/DEBUG] (FabricLoader/Mixin) Selecting config mixinextras.init.mixins.json
[14:33:03] [main/DEBUG] (FabricLoader/MixinExtras|Service) com.llamalad7.mixinextras.service.MixinExtrasServiceImpl(version=0.3.5) is taking over from null
[14:33:04] [main/DEBUG] (FabricLoader/Mixin) Registering new injector for @Inject with org.spongepowered.asm.mixin.injection.struct.CallbackInjectionInfo
[14:33:04] [main/DEBUG] (FabricLoader/Mixin) Registering new injector for @ModifyArg with org.spongepowered.asm.mixin.injection.struct.ModifyArgInjectionInfo
[14:33:04] [main/DEBUG] (FabricLoader/Mixin) Registering new injector for @ModifyArgs with org.spongepowered.asm.mixin.injection.struct.ModifyArgsInjectionInfo
[14:33:04] [main/DEBUG] (FabricLoader/Mixin) Registering new injector for @Redirect with org.spongepowered.asm.mixin.injection.struct.RedirectInjectionInfo
[14:33:04] [main/DEBUG] (FabricLoader/Mixin) Registering new injector for @ModifyVariable with org.spongepowered.asm.mixin.injection.struct.ModifyVariableInjectionInfo
[14:33:04] [main/DEBUG] (FabricLoader/Mixin) Registering new injector for @ModifyConstant with org.spongepowered.asm.mixin.injection.struct.ModifyConstantInjectionInfo
[14:33:04] [main/DEBUG] (FabricLoader/Mixin) Preparing mixinextras.init.mixins.json (0)
[14:33:04] [main/DEBUG] (io.netty.util.internal.logging.InternalLoggerFactory) Using SLF4J as the default logging framework
[14:33:04] [main/DEBUG] (io.netty.util.ResourceLeakDetector) -Dio.netty.leakDetection.level: simple
[14:33:04] [main/DEBUG] (io.netty.util.ResourceLeakDetector) -Dio.netty.leakDetection.targetRecords: 4
[14:33:07] [main/INFO] (net.minecraft.util.datafix.DataFixers) Building optimized datafixer
