[Architectury Transformer] Architectury Runtime 5.2.80
[Architectury Transformer DEBUG] Closed File Systems for D:\Programming\Minecraft\.Mods\HexVR\common\build\devlibs\HexVR-1.2.1-dev.jar
[Architectury Transformer DEBUG] Preparing tiny remapper prepared transformer: dev.architectury.transformer.handler.TinyRemapperPreparedTransformerHandler
[Architectury Transformer DEBUG] Provided 112 classpath jar(s):
[Architectury Transformer DEBUG]  - C:\Users\Rasmu\.gradle\caches\modules-2\files-2.1\dev.architectury\architectury-injectables\1.0.10\62db2a366d662606d1b23ad02ccc3212ed37ec3\architectury-injectables-1.0.10.jar
[Architectury Transformer DEBUG]  - C:\Users\Rasmu\.gradle\caches\modules-2\files-2.1\net.fabricmc\fabric-loader\0.15.7\809a1a6b0f4bcca07e3dffc01f8a62265db3ff5d\fabric-loader-0.15.7.jar
[Architectury Transformer DEBUG]  - C:\Users\Rasmu\.gradle\caches\modules-2\files-2.1\org.jetbrains\annotations\24.0.1\13c5c75c4206580aa4d683bffee658caae6c9f43\annotations-24.0.1.jar
[Architectury Transformer DEBUG]  - C:\Users\Rasmu\.gradle\caches\modules-2\files-2.1\net.fabricmc\tiny-mappings-parser\0.3.0+build.17\2f10540a290e382a7cd35c16ec3900046a4e252\tiny-mappings-parser-0.3.0+build.17.jar
[Architectury Transformer DEBUG]  - C:\Users\Rasmu\.gradle\caches\modules-2\files-2.1\net.fabricmc\sponge-mixin\0.12.4+mixin.0.8.5\e13b4069fe3555969811d4474f78576c707bbe1c\sponge-mixin-0.12.4+mixin.0.8.5.jar
[Architectury Transformer DEBUG]  - C:\Users\Rasmu\.gradle\caches\modules-2\files-2.1\net.fabricmc\tiny-remapper\0.8.2\2cc6565989469ec38893bfb7802b31c0d0d11ea0\tiny-remapper-0.8.2.jar
[Architectury Transformer DEBUG]  - C:\Users\Rasmu\.gradle\caches\modules-2\files-2.1\net.fabricmc\access-widener\2.1.0\f62a27adbfd8ab4d4fa5681793039f2c0b177155\access-widener-2.1.0.jar
[Architectury Transformer DEBUG]  - C:\Users\Rasmu\.gradle\caches\modules-2\files-2.1\org.ow2.asm\asm\9.4\b4e0e2d2e023aa317b7cfcfc916377ea348e07d1\asm-9.4.jar
[Architectury Transformer DEBUG]  - C:\Users\Rasmu\.gradle\caches\modules-2\files-2.1\org.ow2.asm\asm-analysis\9.4\a5fec9dfc039448d4fd098fbaffcaf55373b223\asm-analysis-9.4.jar
[Architectury Transformer DEBUG]  - C:\Users\Rasmu\.gradle\caches\modules-2\files-2.1\org.ow2.asm\asm-commons\9.4\8fc2810ddbcbbec0a8bbccb3f8eda58321839912\asm-commons-9.4.jar
[Architectury Transformer DEBUG]  - C:\Users\Rasmu\.gradle\caches\modules-2\files-2.1\org.ow2.asm\asm-tree\9.4\a99175a17d7fdc18cbcbd0e8ea6a5d276844190a\asm-tree-9.4.jar
[Architectury Transformer DEBUG]  - C:\Users\Rasmu\.gradle\caches\modules-2\files-2.1\org.ow2.asm\asm-util\9.4\ab1e0a84b72561dbaf1ee260321e72148ebf4b19\asm-util-9.4.jar
[Architectury Transformer DEBUG]  - C:\Users\Rasmu\.gradle\caches\modules-2\files-2.1\net.fabricmc\yarn\1.19.2+build.28\f0ee7aaa9c34cbc7919333a5a6923df7a38323d\yarn-1.19.2+build.28-constants.jar
[Architectury Transformer DEBUG]  - C:\Users\Rasmu\.gradle\caches\modules-2\files-2.1\com.mojang\logging\1.0.0\f6ca3b2eee0b80b384e8ed93d368faecb82dfb9b\logging-1.0.0.jar
[Architectury Transformer DEBUG]  - C:\Users\Rasmu\.gradle\caches\modules-2\files-2.1\com.mojang\blocklist\1.0.10\5c685c5ffa94c4cd39496c7184c1d122e515ecef\blocklist-1.0.10.jar
[Architectury Transformer DEBUG]  - C:\Users\Rasmu\.gradle\caches\modules-2\files-2.1\com.mojang\patchy\2.2.10\da05971b07cbb379d002cf7eaec6a2048211fefc\patchy-2.2.10.jar
[Architectury Transformer DEBUG]  - C:\Users\Rasmu\.gradle\caches\modules-2\files-2.1\com.github.oshi\oshi-core\5.8.5\1d0ec654d820741327f5a9229d513732a4b7ce50\oshi-core-5.8.5.jar
[Architectury Transformer DEBUG]  - C:\Users\Rasmu\.gradle\caches\modules-2\files-2.1\net.java.dev.jna\jna\5.10.0\7cf4c87dd802db50721db66947aa237d7ad09418\jna-5.10.0.jar
[Architectury Transformer DEBUG]  - C:\Users\Rasmu\.gradle\caches\modules-2\files-2.1\net.java.dev.jna\jna-platform\5.10.0\fbed7d9669dba47714ad0d4f4454290a997aee69\jna-platform-5.10.0.jar
[Architectury Transformer DEBUG]  - C:\Users\Rasmu\.gradle\caches\modules-2\files-2.1\org.slf4j\slf4j-api\1.8.0-beta4\83b0359d847ee053d745be7ec0d8e9e8a44304b4\slf4j-api-1.8.0-beta4.jar
[Architectury Transformer DEBUG]  - C:\Users\Rasmu\.gradle\caches\modules-2\files-2.1\org.apache.logging.log4j\log4j-slf4j18-impl\2.17.0\bd7f6c0b9224dd214afb4e684957e2349b529a8d\log4j-slf4j18-impl-2.17.0.jar
[Architectury Transformer DEBUG]  - C:\Users\Rasmu\.gradle\caches\modules-2\files-2.1\com.ibm.icu\icu4j\70.1\dfa3a1fbc55bf5db8c6e79fc0935ac7ab1202950\icu4j-70.1.jar
[Architectury Transformer DEBUG]  - C:\Users\Rasmu\.gradle\caches\modules-2\files-2.1\com.mojang\javabridge\1.2.24\c876796229b2ef5120f186eab5acc870699d3b9\javabridge-1.2.24.jar
[Architectury Transformer DEBUG]  - C:\Users\Rasmu\.gradle\caches\modules-2\files-2.1\net.sf.jopt-simple\jopt-simple\5.0.4\4fdac2fbe92dfad86aa6e9301736f6b4342a3f5c\jopt-simple-5.0.4.jar
[Architectury Transformer DEBUG]  - C:\Users\Rasmu\.gradle\caches\modules-2\files-2.1\io.netty\netty-common\4.1.77.Final\ea0fc20f4e6178966b9d62017b7fcb83dfe0e713\netty-common-4.1.77.Final.jar
[Architectury Transformer DEBUG]  - C:\Users\Rasmu\.gradle\caches\modules-2\files-2.1\io.netty\netty-buffer\4.1.77.Final\d97571f99e5e739d86824d0df99f35d295276b5f\netty-buffer-4.1.77.Final.jar
[Architectury Transformer DEBUG]  - C:\Users\Rasmu\.gradle\caches\modules-2\files-2.1\io.netty\netty-codec\4.1.77.Final\4efc5f59335301d6ba0d7cd31dd10651119b03c8\netty-codec-4.1.77.Final.jar
[Architectury Transformer DEBUG]  - C:\Users\Rasmu\.gradle\caches\modules-2\files-2.1\io.netty\netty-handler\4.1.77.Final\47a81089de03635a27f509f3e4e13386ae1db275\netty-handler-4.1.77.Final.jar
[Architectury Transformer DEBUG]  - C:\Users\Rasmu\.gradle\caches\modules-2\files-2.1\io.netty\netty-resolver\4.1.77.Final\4a239dbf8d8bb5f98aa51462c35011c0516395fd\netty-resolver-4.1.77.Final.jar
[Architectury Transformer DEBUG]  - C:\Users\Rasmu\.gradle\caches\modules-2\files-2.1\io.netty\netty-transport\4.1.77.Final\2a3373bbd20d520c821f210bd5ee886788512043\netty-transport-4.1.77.Final.jar
[Architectury Transformer DEBUG]  - C:\Users\Rasmu\.gradle\caches\modules-2\files-2.1\io.netty\netty-transport-native-unix-common\4.1.77.Final\c95d53486414b3270d08057957c5da8e0c37e4eb\netty-transport-native-unix-common-4.1.77.Final.jar
[Architectury Transformer DEBUG]  - C:\Users\Rasmu\.gradle\caches\modules-2\files-2.1\io.netty\netty-transport-classes-epoll\4.1.77.Final\dd70dbccbcf98382223a59044f3c08d8e9920cad\netty-transport-classes-epoll-4.1.77.Final.jar
[Architectury Transformer DEBUG]  - C:\Users\Rasmu\.gradle\caches\modules-2\files-2.1\com.google.guava\failureaccess\1.0.1\1dcf1de382a0bf95a3d8b0849546c88bac1292c9\failureaccess-1.0.1.jar
[Architectury Transformer DEBUG]  - C:\Users\Rasmu\.gradle\caches\modules-2\files-2.1\com.google.guava\guava\31.0.1-jre\119ea2b2bc205b138974d351777b20f02b92704b\guava-31.0.1-jre.jar
[Architectury Transformer DEBUG]  - C:\Users\Rasmu\.gradle\caches\modules-2\files-2.1\org.apache.commons\commons-lang3\3.12.0\c6842c86792ff03b9f1d1fe2aab8dc23aa6c6f0e\commons-lang3-3.12.0.jar
[Architectury Transformer DEBUG]  - C:\Users\Rasmu\.gradle\caches\modules-2\files-2.1\commons-io\commons-io\2.11.0\a2503f302b11ebde7ebc3df41daebe0e4eea3689\commons-io-2.11.0.jar
[Architectury Transformer DEBUG]  - C:\Users\Rasmu\.gradle\caches\modules-2\files-2.1\commons-codec\commons-codec\1.15\49d94806b6e3dc933dacbd8acb0fdbab8ebd1e5d\commons-codec-1.15.jar
[Architectury Transformer DEBUG]  - C:\Users\Rasmu\.gradle\caches\modules-2\files-2.1\com.mojang\brigadier\1.0.18\c1ef1234282716483c92183f49bef47b1a89bfa9\brigadier-1.0.18.jar
[Architectury Transformer DEBUG]  - C:\Users\Rasmu\.gradle\caches\modules-2\files-2.1\com.mojang\datafixerupper\5.0.28\e2157e236e529aff80a5fc3ccb506e56d46b130b\datafixerupper-5.0.28.jar
[Architectury Transformer DEBUG]  - C:\Users\Rasmu\.gradle\caches\modules-2\files-2.1\com.google.code.gson\gson\2.8.9\8a432c1d6825781e21a02db2e2c33c5fde2833b9\gson-2.8.9.jar
[Architectury Transformer DEBUG]  - C:\Users\Rasmu\.gradle\caches\modules-2\files-2.1\com.mojang\authlib\3.11.49\2e3055ec2a017c7f94b79744b4a68b65695a118c\authlib-3.11.49.jar
[Architectury Transformer DEBUG]  - C:\Users\Rasmu\.gradle\caches\modules-2\files-2.1\org.apache.commons\commons-compress\1.21\4ec95b60d4e86b5c95a0e919cb172a0af98011ef\commons-compress-1.21.jar
[Architectury Transformer DEBUG]  - C:\Users\Rasmu\.gradle\caches\modules-2\files-2.1\org.apache.httpcomponents\httpclient\4.5.13\e5f6cae5ca7ecaac1ec2827a9e2d65ae2869cada\httpclient-4.5.13.jar
[Architectury Transformer DEBUG]  - C:\Users\Rasmu\.gradle\caches\modules-2\files-2.1\commons-logging\commons-logging\1.2\4bfc12adfe4842bf07b657f0369c4cb522955686\commons-logging-1.2.jar
[Architectury Transformer DEBUG]  - C:\Users\Rasmu\.gradle\caches\modules-2\files-2.1\org.apache.httpcomponents\httpcore\4.4.14\9dd1a631c082d92ecd4bd8fd4cf55026c720a8c1\httpcore-4.4.14.jar
[Architectury Transformer DEBUG]  - C:\Users\Rasmu\.gradle\caches\modules-2\files-2.1\it.unimi.dsi\fastutil\8.5.6\76f95700418a68fbc4ac050525261f05dc681ca1\fastutil-8.5.6.jar
[Architectury Transformer DEBUG]  - C:\Users\Rasmu\.gradle\caches\modules-2\files-2.1\org.apache.logging.log4j\log4j-api\2.17.0\bbd791e9c8c9421e45337c4fe0a10851c086e36c\log4j-api-2.17.0.jar
[Architectury Transformer DEBUG]  - C:\Users\Rasmu\.gradle\caches\modules-2\files-2.1\org.apache.logging.log4j\log4j-core\2.17.0\fe6e7a32c1228884b9691a744f953a55d0dd8ead\log4j-core-2.17.0.jar
[Architectury Transformer DEBUG]  - C:\Users\Rasmu\.gradle\caches\modules-2\files-2.1\org.lwjgl\lwjgl\3.3.1\ae58664f88e18a9bb2c77b063833ca7aaec484cb\lwjgl-3.3.1.jar
[Architectury Transformer DEBUG]  - C:\Users\Rasmu\.gradle\caches\modules-2\files-2.1\org.lwjgl\lwjgl-jemalloc\3.3.1\a817bcf213db49f710603677457567c37d53e103\lwjgl-jemalloc-3.3.1.jar
[Architectury Transformer DEBUG]  - C:\Users\Rasmu\.gradle\caches\modules-2\files-2.1\org.lwjgl\lwjgl-openal\3.3.1\2623a6b8ae1dfcd880738656a9f0243d2e6840bd\lwjgl-openal-3.3.1.jar
[Architectury Transformer DEBUG]  - C:\Users\Rasmu\.gradle\caches\modules-2\files-2.1\org.lwjgl\lwjgl-opengl\3.3.1\831a5533a21a5f4f81bbc51bb13e9899319b5411\lwjgl-opengl-3.3.1.jar
[Architectury Transformer DEBUG]  - C:\Users\Rasmu\.gradle\caches\modules-2\files-2.1\org.lwjgl\lwjgl-glfw\3.3.1\cbac1b8d30cb4795149c1ef540f912671a8616d0\lwjgl-glfw-3.3.1.jar
[Architectury Transformer DEBUG]  - C:\Users\Rasmu\.gradle\caches\modules-2\files-2.1\org.lwjgl\lwjgl-stb\3.3.1\b119297cf8ed01f247abe8685857f8e7fcf5980f\lwjgl-stb-3.3.1.jar
[Architectury Transformer DEBUG]  - C:\Users\Rasmu\.gradle\caches\modules-2\files-2.1\org.lwjgl\lwjgl-tinyfd\3.3.1\ff1914111ef2e3e0110ef2dabc8d8cdaad82347\lwjgl-tinyfd-3.3.1.jar
[Architectury Transformer DEBUG]  - C:\Users\Rasmu\.gradle\caches\modules-2\files-2.1\com.mojang\text2speech\1.16.7\ee4095669061d1fe4bce5fea23d69d1520bc2d58\text2speech-1.16.7.jar
[Architectury Transformer DEBUG]  - D:\Programming\Minecraft\.Mods\HexVR\.gradle\loom-cache\minecraftMaven\net\minecraft\minecraft-merged-project-@fabric\1.19.2-net.fabricmc.yarn.1_19_2.1.19.2+build.28-v2\minecraft-merged-project-@fabric-1.19.2-net.fabricmc.yarn.1_19_2.1.19.2+build.28-v2.jar
[Architectury Transformer DEBUG]  - C:\Users\Rasmu\.gradle\caches\modules-2\files-2.1\io.netty\netty-transport-native-epoll\4.1.77.Final\8d10e9e138dac52172dd83229bdc89197100c723\netty-transport-native-epoll-4.1.77.Final-linux-x86_64.jar
[Architectury Transformer DEBUG]  - C:\Users\Rasmu\.gradle\caches\modules-2\files-2.1\io.netty\netty-transport-native-epoll\4.1.77.Final\5f051599ced83e119ddeda891f471c0613721e5c\netty-transport-native-epoll-4.1.77.Final-linux-aarch_64.jar
[Architectury Transformer DEBUG]  - C:\Users\Rasmu\.gradle\caches\modules-2\files-2.1\blue.endless\jankson\1.2.0\3a596049034f2952c0b2d40ca41f9b98856d5fb4\jankson-1.2.0.jar
[Architectury Transformer DEBUG]  - C:\Users\Rasmu\.gradle\caches\modules-2\files-2.1\com.moandjiezana.toml\toml4j\0.7.2\a03337911d0bd2c40932aca3946edb30d0e7d0c\toml4j-0.7.2.jar
[Architectury Transformer DEBUG]  - C:\Users\Rasmu\.gradle\caches\modules-2\files-2.1\org.yaml\snakeyaml\1.27\359d62567480b07a679dc643f82fc926b100eed5\snakeyaml-1.27.jar
[Architectury Transformer DEBUG]  - D:\Programming\Minecraft\.Mods\HexVR\.gradle\loom-cache\remapped_mods\net_fabricmc_yarn_1_19_2_1_19_2_build_28_v2\net\fabricmc\fabric-api\fabric-api\0.77.0+1.19.2\fabric-api-0.77.0+1.19.2.jar
[Architectury Transformer DEBUG]  - D:\Programming\Minecraft\.Mods\HexVR\.gradle\loom-cache\remapped_mods\net_fabricmc_yarn_1_19_2_1_19_2_build_28_v2\dev\architectury\architectury-fabric\6.5.90\architectury-fabric-6.5.90.jar
[Architectury Transformer DEBUG]  - D:\Programming\Minecraft\.Mods\HexVR\.gradle\loom-cache\remapped_mods\net_fabricmc_yarn_1_19_2_1_19_2_build_28_v2\net\fabricmc\fabric-api\fabric-transfer-api-v1\2.1.6+413cbbc790\fabric-transfer-api-v1-2.1.6+413cbbc790.jar
[Architectury Transformer DEBUG]  - D:\Programming\Minecraft\.Mods\HexVR\.gradle\loom-cache\remapped_mods\net_fabricmc_yarn_1_19_2_1_19_2_build_28_v2\net\fabricmc\fabric-api\fabric-api-lookup-api-v1\1.6.14+93d8cb8290\fabric-api-lookup-api-v1-1.6.14+93d8cb8290.jar
[Architectury Transformer DEBUG]  - D:\Programming\Minecraft\.Mods\HexVR\.gradle\loom-cache\remapped_mods\net_fabricmc_yarn_1_19_2_1_19_2_build_28_v2\net\fabricmc\fabric-api\fabric-blockrenderlayer-v1\1.1.25+cafc6e8e90\fabric-blockrenderlayer-v1-1.1.25+cafc6e8e90.jar
[Architectury Transformer DEBUG]  - D:\Programming\Minecraft\.Mods\HexVR\.gradle\loom-cache\remapped_mods\net_fabricmc_yarn_1_19_2_1_19_2_build_28_v2\net\fabricmc\fabric-api\fabric-client-tags-api-v1\1.0.5+b35fea8390\fabric-client-tags-api-v1-1.0.5+b35fea8390.jar
[Architectury Transformer DEBUG]  - D:\Programming\Minecraft\.Mods\HexVR\.gradle\loom-cache\remapped_mods\net_fabricmc_yarn_1_19_2_1_19_2_build_28_v2\net\fabricmc\fabric-api\fabric-command-api-v2\2.2.1+413cbbc790\fabric-command-api-v2-2.2.1+413cbbc790.jar
[Architectury Transformer DEBUG]  - D:\Programming\Minecraft\.Mods\HexVR\.gradle\loom-cache\remapped_mods\net_fabricmc_yarn_1_19_2_1_19_2_build_28_v2\net\fabricmc\fabric-api\fabric-content-registries-v0\3.5.2+7c6cd14d90\fabric-content-registries-v0-3.5.2+7c6cd14d90.jar
[Architectury Transformer DEBUG]  - D:\Programming\Minecraft\.Mods\HexVR\.gradle\loom-cache\remapped_mods\net_fabricmc_yarn_1_19_2_1_19_2_build_28_v2\net\fabricmc\fabric-api\fabric-convention-tags-v1\1.3.0+4bc6e26290\fabric-convention-tags-v1-1.3.0+4bc6e26290.jar
[Architectury Transformer DEBUG]  - D:\Programming\Minecraft\.Mods\HexVR\.gradle\loom-cache\remapped_mods\net_fabricmc_yarn_1_19_2_1_19_2_build_28_v2\net\fabricmc\fabric-api\fabric-data-generation-api-v1\5.3.9+413cbbc790\fabric-data-generation-api-v1-5.3.9+413cbbc790.jar
[Architectury Transformer DEBUG]  - D:\Programming\Minecraft\.Mods\HexVR\.gradle\loom-cache\remapped_mods\net_fabricmc_yarn_1_19_2_1_19_2_build_28_v2\net\fabricmc\fabric-api\fabric-dimensions-v1\2.1.35+0d0f210290\fabric-dimensions-v1-2.1.35+0d0f210290.jar
[Architectury Transformer DEBUG]  - D:\Programming\Minecraft\.Mods\HexVR\.gradle\loom-cache\remapped_mods\net_fabricmc_yarn_1_19_2_1_19_2_build_28_v2\net\fabricmc\fabric-api\fabric-entity-events-v1\1.5.4+9244241690\fabric-entity-events-v1-1.5.4+9244241690.jar
[Architectury Transformer DEBUG]  - D:\Programming\Minecraft\.Mods\HexVR\.gradle\loom-cache\remapped_mods\net_fabricmc_yarn_1_19_2_1_19_2_build_28_v2\net\fabricmc\fabric-api\fabric-events-interaction-v0\0.4.34+562bff6e90\fabric-events-interaction-v0-0.4.34+562bff6e90.jar
[Architectury Transformer DEBUG]  - D:\Programming\Minecraft\.Mods\HexVR\.gradle\loom-cache\remapped_mods\net_fabricmc_yarn_1_19_2_1_19_2_build_28_v2\net\fabricmc\fabric-api\fabric-gametest-api-v1\1.1.8+4d0d570390\fabric-gametest-api-v1-1.1.8+4d0d570390.jar
[Architectury Transformer DEBUG]  - D:\Programming\Minecraft\.Mods\HexVR\.gradle\loom-cache\remapped_mods\net_fabricmc_yarn_1_19_2_1_19_2_build_28_v2\net\fabricmc\fabric-api\fabric-item-api-v1\1.6.6+b7d1888890\fabric-item-api-v1-1.6.6+b7d1888890.jar
[Architectury Transformer DEBUG]  - D:\Programming\Minecraft\.Mods\HexVR\.gradle\loom-cache\remapped_mods\net_fabricmc_yarn_1_19_2_1_19_2_build_28_v2\net\fabricmc\fabric-api\fabric-item-groups-v0\0.3.39+9244241690\fabric-item-groups-v0-0.3.39+9244241690.jar
[Architectury Transformer DEBUG]  - D:\Programming\Minecraft\.Mods\HexVR\.gradle\loom-cache\remapped_mods\net_fabricmc_yarn_1_19_2_1_19_2_build_28_v2\net\fabricmc\fabric-api\fabric-mining-level-api-v1\2.1.24+33fbc73890\fabric-mining-level-api-v1-2.1.24+33fbc73890.jar
[Architectury Transformer DEBUG]  - D:\Programming\Minecraft\.Mods\HexVR\.gradle\loom-cache\remapped_mods\net_fabricmc_yarn_1_19_2_1_19_2_build_28_v2\net\fabricmc\fabric-api\fabric-lifecycle-events-v1\2.2.4+1b46dc7890\fabric-lifecycle-events-v1-2.2.4+1b46dc7890.jar
[Architectury Transformer DEBUG]  - D:\Programming\Minecraft\.Mods\HexVR\.gradle\loom-cache\remapped_mods\net_fabricmc_yarn_1_19_2_1_19_2_build_28_v2\net\fabricmc\fabric-api\fabric-loot-api-v2\1.1.13+83a8659290\fabric-loot-api-v2-1.1.13+83a8659290.jar
[Architectury Transformer DEBUG]  - D:\Programming\Minecraft\.Mods\HexVR\.gradle\loom-cache\remapped_mods\net_fabricmc_yarn_1_19_2_1_19_2_build_28_v2\net\fabricmc\fabric-api\fabric-message-api-v1\5.0.7+93d8cb8290\fabric-message-api-v1-5.0.7+93d8cb8290.jar
[Architectury Transformer DEBUG]  - D:\Programming\Minecraft\.Mods\HexVR\.gradle\loom-cache\remapped_mods\net_fabricmc_yarn_1_19_2_1_19_2_build_28_v2\net\fabricmc\fabric-api\fabric-models-v0\0.3.21+c6af733c90\fabric-models-v0-0.3.21+c6af733c90.jar
[Architectury Transformer DEBUG]  - D:\Programming\Minecraft\.Mods\HexVR\.gradle\loom-cache\remapped_mods\net_fabricmc_yarn_1_19_2_1_19_2_build_28_v2\net\fabricmc\fabric-api\fabric-recipe-api-v1\1.0.2+413cbbc790\fabric-recipe-api-v1-1.0.2+413cbbc790.jar
[Architectury Transformer DEBUG]  - D:\Programming\Minecraft\.Mods\HexVR\.gradle\loom-cache\remapped_mods\net_fabricmc_yarn_1_19_2_1_19_2_build_28_v2\net\fabricmc\fabric-api\fabric-registry-sync-v0\0.9.33+9244241690\fabric-registry-sync-v0-0.9.33+9244241690.jar
[Architectury Transformer DEBUG]  - D:\Programming\Minecraft\.Mods\HexVR\.gradle\loom-cache\remapped_mods\net_fabricmc_yarn_1_19_2_1_19_2_build_28_v2\net\fabricmc\fabric-api\fabric-screen-handler-api-v1\1.3.8+1cc24b1b90\fabric-screen-handler-api-v1-1.3.8+1cc24b1b90.jar
[Architectury Transformer DEBUG]  - D:\Programming\Minecraft\.Mods\HexVR\.gradle\loom-cache\remapped_mods\net_fabricmc_yarn_1_19_2_1_19_2_build_28_v2\net\fabricmc\fabric-api\fabric-networking-api-v1\1.2.12+def3f86d90\fabric-networking-api-v1-1.2.12+def3f86d90.jar
[Architectury Transformer DEBUG]  - D:\Programming\Minecraft\.Mods\HexVR\.gradle\loom-cache\remapped_mods\net_fabricmc_yarn_1_19_2_1_19_2_build_28_v2\net\fabricmc\fabric-api\fabric-object-builder-api-v1\4.2.2+d8ef690890\fabric-object-builder-api-v1-4.2.2+d8ef690890.jar
[Architectury Transformer DEBUG]  - D:\Programming\Minecraft\.Mods\HexVR\.gradle\loom-cache\remapped_mods\net_fabricmc_yarn_1_19_2_1_19_2_build_28_v2\net\fabricmc\fabric-api\fabric-particles-v1\1.1.0+ee641e7390\fabric-particles-v1-1.1.0+ee641e7390.jar
[Architectury Transformer DEBUG]  - D:\Programming\Minecraft\.Mods\HexVR\.gradle\loom-cache\remapped_mods\net_fabricmc_yarn_1_19_2_1_19_2_build_28_v2\net\fabricmc\fabric-api\fabric-renderer-indigo\0.8.0+1adbf27790\fabric-renderer-indigo-0.8.0+1adbf27790.jar
[Architectury Transformer DEBUG]  - D:\Programming\Minecraft\.Mods\HexVR\.gradle\loom-cache\remapped_mods\net_fabricmc_yarn_1_19_2_1_19_2_build_28_v2\net\fabricmc\fabric-api\fabric-renderer-api-v1\1.2.1+1adbf27790\fabric-renderer-api-v1-1.2.1+1adbf27790.jar
[Architectury Transformer DEBUG]  - D:\Programming\Minecraft\.Mods\HexVR\.gradle\loom-cache\remapped_mods\net_fabricmc_yarn_1_19_2_1_19_2_build_28_v2\net\fabricmc\fabric-api\fabric-rendering-data-attachment-v1\0.3.19+6e0787e690\fabric-rendering-data-attachment-v1-0.3.19+6e0787e690.jar
[Architectury Transformer DEBUG]  - D:\Programming\Minecraft\.Mods\HexVR\.gradle\loom-cache\remapped_mods\net_fabricmc_yarn_1_19_2_1_19_2_build_28_v2\net\fabricmc\fabric-api\fabric-rendering-fluids-v1\3.0.11+4d0d570390\fabric-rendering-fluids-v1-3.0.11+4d0d570390.jar
[Architectury Transformer DEBUG]  - D:\Programming\Minecraft\.Mods\HexVR\.gradle\loom-cache\remapped_mods\net_fabricmc_yarn_1_19_2_1_19_2_build_28_v2\net\fabricmc\fabric-api\fabric-rendering-v1\1.13.0+526f2c6790\fabric-rendering-v1-1.13.0+526f2c6790.jar
[Architectury Transformer DEBUG]  - D:\Programming\Minecraft\.Mods\HexVR\.gradle\loom-cache\remapped_mods\net_fabricmc_yarn_1_19_2_1_19_2_build_28_v2\net\fabricmc\fabric-api\fabric-screen-api-v1\1.0.32+4d0d570390\fabric-screen-api-v1-1.0.32+4d0d570390.jar
[Architectury Transformer DEBUG]  - D:\Programming\Minecraft\.Mods\HexVR\.gradle\loom-cache\remapped_mods\net_fabricmc_yarn_1_19_2_1_19_2_build_28_v2\net\fabricmc\fabric-api\fabric-textures-v0\1.0.24+aeb40ebe90\fabric-textures-v0-1.0.24+aeb40ebe90.jar
[Architectury Transformer DEBUG]  - D:\Programming\Minecraft\.Mods\HexVR\.gradle\loom-cache\remapped_mods\net_fabricmc_yarn_1_19_2_1_19_2_build_28_v2\net\fabricmc\fabric-api\fabric-api-base\0.4.15+8f4e8eb390\fabric-api-base-0.4.15+8f4e8eb390.jar
[Architectury Transformer DEBUG]  - D:\Programming\Minecraft\.Mods\HexVR\.gradle\loom-cache\remapped_mods\net_fabricmc_yarn_1_19_2_1_19_2_build_28_v2\net\fabricmc\fabric-api\fabric-biome-api-v1\9.1.1+16f1e31390\fabric-biome-api-v1-9.1.1+16f1e31390.jar
[Architectury Transformer DEBUG]  - D:\Programming\Minecraft\.Mods\HexVR\.gradle\loom-cache\remapped_mods\net_fabricmc_yarn_1_19_2_1_19_2_build_28_v2\net\fabricmc\fabric-api\fabric-block-api-v1\1.0.2+e415d50e90\fabric-block-api-v1-1.0.2+e415d50e90.jar
[Architectury Transformer DEBUG]  - D:\Programming\Minecraft\.Mods\HexVR\.gradle\loom-cache\remapped_mods\net_fabricmc_yarn_1_19_2_1_19_2_build_28_v2\net\fabricmc\fabric-api\fabric-crash-report-info-v1\0.2.8+aeb40ebe90\fabric-crash-report-info-v1-0.2.8+aeb40ebe90.jar
[Architectury Transformer DEBUG]  - D:\Programming\Minecraft\.Mods\HexVR\.gradle\loom-cache\remapped_mods\net_fabricmc_yarn_1_19_2_1_19_2_build_28_v2\net\fabricmc\fabric-api\fabric-game-rule-api-v1\1.0.24+b6b6abb490\fabric-game-rule-api-v1-1.0.24+b6b6abb490.jar
[Architectury Transformer DEBUG]  - D:\Programming\Minecraft\.Mods\HexVR\.gradle\loom-cache\remapped_mods\net_fabricmc_yarn_1_19_2_1_19_2_build_28_v2\net\fabricmc\fabric-api\fabric-key-binding-api-v1\1.0.25+5c4fce2890\fabric-key-binding-api-v1-1.0.25+5c4fce2890.jar
[Architectury Transformer DEBUG]  - D:\Programming\Minecraft\.Mods\HexVR\.gradle\loom-cache\remapped_mods\net_fabricmc_yarn_1_19_2_1_19_2_build_28_v2\net\fabricmc\fabric-api\fabric-resource-conditions-api-v1\2.1.2+aae9039d90\fabric-resource-conditions-api-v1-2.1.2+aae9039d90.jar
[Architectury Transformer DEBUG]  - D:\Programming\Minecraft\.Mods\HexVR\.gradle\loom-cache\remapped_mods\net_fabricmc_yarn_1_19_2_1_19_2_build_28_v2\net\fabricmc\fabric-api\fabric-resource-loader-v0\0.8.4+edbdcddb90\fabric-resource-loader-v0-0.8.4+edbdcddb90.jar
[Architectury Transformer DEBUG]  - D:\Programming\Minecraft\.Mods\HexVR\.gradle\loom-cache\remapped_mods\net_fabricmc_yarn_1_19_2_1_19_2_build_28_v2\net\fabricmc\fabric-api\fabric-sound-api-v1\1.0.2+c4f28df590\fabric-sound-api-v1-1.0.2+c4f28df590.jar
[Architectury Transformer DEBUG]  - D:\Programming\Minecraft\.Mods\HexVR\.gradle\loom-cache\remapped_mods\net_fabricmc_yarn_1_19_2_1_19_2_build_28_v2\net\fabricmc\fabric-api\fabric-transitive-access-wideners-v1\1.3.3+08b73de490\fabric-transitive-access-wideners-v1-1.3.3+08b73de490.jar
[Architectury Transformer DEBUG]  - D:\Programming\Minecraft\.Mods\HexVR\.gradle\loom-cache\remapped_mods\net_fabricmc_yarn_1_19_2_1_19_2_build_28_v2\at\petra-k\hexcasting\hexcasting-fabric-1.19.2\0.10.3\hexcasting-fabric-1.19.2-0.10.3.jar
[Architectury Transformer DEBUG]  - D:\Programming\Minecraft\.Mods\HexVR\.gradle\loom-cache\remapped_mods\net_fabricmc_yarn_1_19_2_1_19_2_build_28_v2\me\shedaniel\cloth\cloth-config-fabric\8.2.88\cloth-config-fabric-8.2.88.jar
[Architectury Transformer DEBUG]  - D:\Programming\Minecraft\.Mods\HexVR\.gradle\loom-cache\remapped_mods\net_fabricmc_yarn_1_19_2_1_19_2_build_28_v2\maven\modrinth\vivecraft\1.19.2-1.1.2-fabric\vivecraft-1.19.2-1.1.2-fabric.jar
[Architectury Transformer DEBUG]  - D:\Programming\Minecraft\.Mods\HexVR\.gradle\loom-cache\remapped_mods\net_fabricmc_yarn_1_19_2_1_19_2_build_28_v2\com\github\Virtuoel\Pehkui\3.6.0\Pehkui-3.6.0.jar
[Architectury Transformer DEBUG]  - D:\Programming\Minecraft\.Mods\HexVR\.gradle\loom-cache\remapped_mods\net_fabricmc_yarn_1_19_2_1_19_2_build_28_v2\me\shedaniel\cloth\basic-math\0.6.1\basic-math-0.6.1.jar
[Architectury Transformer DEBUG]  - D:\Programming\Minecraft\.Mods\HexVR\.gradle\loom-cache\remapped_mods\net_fabricmc_yarn_1_19_2_1_19_2_build_28_v2\com\github\Virtuoel\KanosConfig\0.3.1\KanosConfig-0.3.1.jar
[Architectury Transformer] Read classpath in 1.154 s
[Architectury Transformer DEBUG] Closed File Systems for D:\Programming\Minecraft\.Mods\HexVR\common\build\devlibs\HexVR-1.2.1-dev.jar
[Architectury Transformer DEBUG] Transforming 5 transformer(s) from D:\Programming\Minecraft\.Mods\HexVR\common\build\devlibs\HexVR-1.2.1-dev.jar to C:\Users\Rasmu\AppData\Local\Temp\12244922834855016660.jar: 
[Architectury Transformer DEBUG]  - dev.architectury.transformer.transformers.RuntimeMixinRefmapDetector@6c9f5c0d
[Architectury Transformer DEBUG]  - dev.architectury.transformer.transformers.GenerateFakeFabricMod@de3a06f
[Architectury Transformer DEBUG]  - dev.architectury.transformer.transformers.TransformExpectPlatform@76b10754
[Architectury Transformer DEBUG]  - dev.architectury.transformer.transformers.RemapInjectables@2bea5ab4
[Architectury Transformer DEBUG]  - dev.architectury.transformer.transformers.TransformPlatformOnly@3d8314f0
[Architectury Transformer DEBUG] Transforming from D:\Programming\Minecraft\.Mods\HexVR\common\build\devlibs\HexVR-1.2.1-dev.jar to C:\Users\Rasmu\AppData\Local\Temp\12244922834855016660.jar with 5 transformer(s) on dev.architectury.transformer.handler.SimpleTransformerHandler
[Architectury Transformer DEBUG] Found class transformer
[Architectury Transformer DEBUG] Writing me/nanorasmus/nanodev/hexvr/casting/Casting$Line with maxs=true frames=true
[Architectury Transformer DEBUG] Writing me/nanorasmus/nanodev/hexvr/casting/Casting with maxs=true frames=true
[Architectury Transformer DEBUG] Writing me/nanorasmus/nanodev/hexvr/casting/CastingPattern with maxs=true frames=true
[Architectury Transformer DEBUG] Writing me/nanorasmus/nanodev/hexvr/casting/CastingPoint with maxs=true frames=true
[Architectury Transformer DEBUG] Writing me/nanorasmus/nanodev/hexvr/config/HexVRConfig$HexVRConfigClient with maxs=true frames=true
[Architectury Transformer DEBUG] Writing me/nanorasmus/nanodev/hexvr/config/HexVRConfig with maxs=true frames=true
[Architectury Transformer DEBUG] Writing me/nanorasmus/nanodev/hexvr/entity/custom/TextEntity with maxs=true frames=true
[Architectury Transformer DEBUG] Writing me/nanorasmus/nanodev/hexvr/entity/custom/TextEntityRenderer with maxs=true frames=true
[Architectury Transformer DEBUG] Writing me/nanorasmus/nanodev/hexvr/HexVR with maxs=true frames=true
[Architectury Transformer DEBUG] Writing me/nanorasmus/nanodev/hexvr/input/KeyInputsHandler with maxs=true frames=true
[Architectury Transformer DEBUG] Writing me/nanorasmus/nanodev/hexvr/input/VRData with maxs=true frames=true
[Architectury Transformer DEBUG] Writing me/nanorasmus/nanodev/hexvr/mixin/HexCastingNewSpellPatternS2CMixin with maxs=true frames=true
[Architectury Transformer DEBUG] Writing me/nanorasmus/nanodev/hexvr/particle/CastingParticles with maxs=true frames=true
[Architectury Transformer DEBUG] Writing me/nanorasmus/nanodev/hexvr/particle/custom/StaticParticle$Factory with maxs=true frames=true
[Architectury Transformer DEBUG] Writing me/nanorasmus/nanodev/hexvr/particle/custom/StaticParticle with maxs=true frames=true
[Architectury Transformer DEBUG] Checking whether /HexVR-common-refmap.json is a mixin config.
[Architectury Transformer DEBUG] Checking whether /hex_vr-common.mixins.json is a mixin config.
[Architectury Transformer DEBUG] Closed File Systems for C:\Users\Rasmu\AppData\Local\Temp\12244922834855016660.jar
[Architectury Transformer] Listening at D:\Programming\Minecraft\.Mods\HexVR\common\build\devlibs\HexVR-1.2.1-dev.jar
